-------------------------------------------------------------------------------
Test set: com.ruleenginedemo.rule.impl.SignalDecisionTreeTest
-------------------------------------------------------------------------------
Tests run: 6, Failures: 6, Errors: 0, Skipped: 0, Time elapsed: 0.012 sec <<< FAILURE!
com.ruleenginedemo.rule.impl.SignalDecisionTreeTest.testAddIntegerValueRule()  Time elapsed: 0.008 sec  <<< FAILURE!
java.lang.NoClassDefFoundError: org/junit/Assert
	at com.ruleenginedemo.rule.impl.SignalDecisionTreeTest.testAddIntegerValueRule(SignalDecisionTreeTest.java:26)
Caused by: java.lang.ClassNotFoundException: org.junit.Assert
	at java.net.URLClassLoader.findClass(URLClassLoader.java:381)
	at java.lang.ClassLoader.loadClass(ClassLoader.java:424)
	at sun.misc.Launcher$AppClassLoader.loadClass(Launcher.java:335)
	at java.lang.ClassLoader.loadClass(ClassLoader.java:357)
	... 19 more

com.ruleenginedemo.rule.impl.SignalDecisionTreeTest.testViolatesAnyRule()  Time elapsed: 0 sec  <<< FAILURE!
java.lang.NoClassDefFoundError: org/junit/Assert
	at com.ruleenginedemo.rule.impl.SignalDecisionTreeTest.testViolatesAnyRule(SignalDecisionTreeTest.java:31)

com.ruleenginedemo.rule.impl.SignalDecisionTreeTest.testViolatesAnyIntegerRule()  Time elapsed: 0 sec  <<< FAILURE!
java.lang.NoClassDefFoundError: org/junit/Assert
	at com.ruleenginedemo.rule.impl.SignalDecisionTreeTest.testViolatesAnyIntegerRule(SignalDecisionTreeTest.java:36)

com.ruleenginedemo.rule.impl.SignalDecisionTreeTest.testViolatesAnyStringRule()  Time elapsed: 0 sec  <<< FAILURE!
java.lang.NoClassDefFoundError: org/junit/Assert
	at com.ruleenginedemo.rule.impl.SignalDecisionTreeTest.testViolatesAnyStringRule(SignalDecisionTreeTest.java:41)

com.ruleenginedemo.rule.impl.SignalDecisionTreeTest.testViolatesAnyDateTimeRule()  Time elapsed: 0 sec  <<< FAILURE!
java.lang.NoClassDefFoundError: org/junit/Assert
	at com.ruleenginedemo.rule.impl.SignalDecisionTreeTest.testViolatesAnyDateTimeRule(SignalDecisionTreeTest.java:46)

com.ruleenginedemo.rule.impl.SignalDecisionTreeTest.testAddRule()  Time elapsed: 0 sec  <<< FAILURE!
java.lang.NoClassDefFoundError: org/junit/Assert
	at com.ruleenginedemo.rule.impl.SignalDecisionTreeTest.testAddRule(SignalDecisionTreeTest.java:21)

